app/build/outputs/logs/manifest-merger-debug-report.txt
-- Merging decision tree log ---
manifest
ADDED from src\main\AndroidManifest.xml:18:1-69:12
	xmlns:android
		ADDED from src\main\AndroidManifest.xml:18:11-69
	package
		ADDED from src\main\AndroidManifest.xml:19:5-36
		INJECTED from src\main\AndroidManifest.xml
		INJECTED from src\main\AndroidManifest.xml
	android:versionName
		ADDED from src\main\AndroidManifest.xml:21:5-30
	android:versionCode
		ADDED from src\main\AndroidManifest.xml:20:5-28
		INJECTED from src\main\AndroidManifest.xml
		INJECTED from src\main\AndroidManifest.xml
uses-sdk
ADDED from src\main\AndroidManifest.xml:31:5-33:41
	android:targetSdkVersion
		ADDED from src\main\AndroidManifest.xml:33:9-38
		INJECTED from src\main\AndroidManifest.xml
		INJECTED from src\main\AndroidManifest.xml
	android:minSdkVersion
		ADDED from src\main\AndroidManifest.xml:32:9-35
		INJECTED from src\main\AndroidManifest.xml
		INJECTED from src\main\AndroidManifest.xml
uses-permission#android.permission.INTERNET
ADDED from src\main\AndroidManifest.xml:35:5-67
	android:name
		ADDED from src\main\AndroidManifest.xml:35:22-64
uses-permission#android.permission.GET_TASKS
ADDED from src\main\AndroidManifest.xml:36:5-68
	android:name
		ADDED from src\main\AndroidManifest.xml:36:22-65
uses-permission#android.permission.BLUETOOTH
ADDED from src\main\AndroidManifest.xml:37:5-68
	android:name
		ADDED from src\main\AndroidManifest.xml:37:22-65
uses-permission#android.permission.BLUETOOTH_ADMIN
ADDED from src\main\AndroidManifest.xml:38:5-74
	android:name
		ADDED from src\main\AndroidManifest.xml:38:22-71
uses-permission#android.permission.ACCESS_NETWORK_STATE
ADDED from src\main\AndroidManifest.xml:39:5-79
	android:name
		ADDED from src\main\AndroidManifest.xml:39:22-76
application
ADDED from src\main\AndroidManifest.xml:41:5-67:19
	android:label
		ADDED from src\main\AndroidManifest.xml:44:9-41
	android:allowBackup
		ADDED from src\main\AndroidManifest.xml:42:9-35
	android:icon
		ADDED from src\main\AndroidManifest.xml:43:9-52
	android:theme
		ADDED from src\main\AndroidManifest.xml:45:9-56
activity#edu.cornell.gannett.ChooseMode
ADDED from src\main\AndroidManifest.xml:46:9-55:20
	android:label
		ADDED from src\main\AndroidManifest.xml:48:13-38
	android:theme
		ADDED from src\main\AndroidManifest.xml:49:13-83
	android:name
		ADDED from src\main\AndroidManifest.xml:47:13-58
intent-filter#android.intent.action.MAIN+android.intent.category.LAUNCHER
ADDED from src\main\AndroidManifest.xml:50:13-54:29
action#android.intent.action.MAIN
ADDED from src\main\AndroidManifest.xml:51:17-69
	android:name
		ADDED from src\main\AndroidManifest.xml:51:25-66
category#android.intent.category.LAUNCHER
ADDED from src\main\AndroidManifest.xml:53:17-77
	android:name
		ADDED from src\main\AndroidManifest.xml:53:27-74
activity#edu.cornell.gannett.ui.PHPushlinkActivity
ADDED from src\main\AndroidManifest.xml:56:9-60:20
	android:label
		ADDED from src\main\AndroidManifest.xml:58:13-45
	android:theme
		ADDED from src\main\AndroidManifest.xml:59:13-83
	android:name
		ADDED from src\main\AndroidManifest.xml:57:13-69
activity#edu.cornell.gannett.one_player.ReflectiveLightingActivity
ADDED from src\main\AndroidManifest.xml:61:9-65:20
	android:label
		ADDED from src\main\AndroidManifest.xml:63:13-45
	android:theme
		ADDED from src\main\AndroidManifest.xml:64:13-83
	android:name
		ADDED from src\main\AndroidManifest.xml:62:13-85